<html>
<body>
<pre>
<h1>Vision Build Log</h1>
<h2>Project:</h2>
E:\单片机\我的实验\实验8 矩阵按键变成独立按键\t.uvproj
Project File Date:  10/20/2016

<h2>Output:</h2>
Build target 'Target 1'
compiling main.c...
MAIN.C(10): error C141: syntax error near 'void', expected ';'
Target not created
Build target 'Target 1'
compiling main.c...
MAIN.C(10): error C141: syntax error near 'void', expected ';'
Target not created
Build target 'Target 1'
compiling main.c...
MAIN.C(10): error C141: syntax error near 'void', expected ';'
Target not created
Build target 'Target 1'
compiling main.c...
MAIN.C(10): error C141: syntax error near 'void', expected ';'
Target not created
Build target 'Target 1'
compiling main.c...
MAIN.C(10): error C141: syntax error near 'void', expected ';'
Target not created
Build target 'Target 1'
compiling main.c...
MAIN.C(10): error C141: syntax error near 'void', expected ';'
Target not created
Build target 'Target 1'
compiling main.c...
MAIN.C(10): error C141: syntax error near 'void', expected ';'
Target not created
Build target 'Target 1'
compiling main.c...
MAIN.C(10): error C141: syntax error near 'void', expected ';'
Target not created
Build target 'Target 1'
compiling main.c...
MAIN.C(10): error C141: syntax error near 'void', expected ';'
Target not created
Build target 'Target 1'
compiling main.c...
MAIN.C(10): error C141: syntax error near 'void', expected ';'
Target not created
Build target 'Target 1'
compiling main.c...
linking...
Program Size: data=9.0 xdata=0 code=50
creating hex file from "t"...
"t" - 0 Error(s), 0 Warning(s).
Build target 'Target 1'
linking...
Program Size: data=9.0 xdata=0 code=50
creating hex file from "t"...
"t" - 0 Error(s), 0 Warning(s).
Build target 'Target 1'
compiling main.c...
MAIN.C(10): error C141: syntax error near 'void', expected ';'
Target not created
Build target 'Target 1'
compiling main.c...
MAIN.C(10): error C141: syntax error near 'void', expected ';'
Target not created
Build target 'Target 1'
compiling main.c...
MAIN.C(10): error C141: syntax error near 'void', expected ';'
Target not created
Build target 'Target 1'
compiling main.c...
MAIN.C(10): error C141: syntax error near 'void', expected ';'
Target not created
Build target 'Target 1'
compiling main.c...
MAIN.C(10): error C141: syntax error near 'void', expected ';'
Target not created
Build target 'Target 1'
compiling main.c...
MAIN.C(10): error C141: syntax error near 'void', expected ';'
Target not created
Build target 'Target 1'
compiling main.c...
MAIN.C(10): error C141: syntax error near 'void', expected ';'
Target not created
Build target 'Target 1'
compiling main.c...
MAIN.C(10): error C141: syntax error near 'void', expected ';'
Target not created
Build target 'Target 1'
compiling main.c...
linking...
Program Size: data=9.0 xdata=0 code=50
creating hex file from "t"...
"t" - 0 Error(s), 0 Warning(s).
Build target 'Target 1'
linking...
Program Size: data=9.0 xdata=0 code=50
creating hex file from "t"...
"t" - 0 Error(s), 0 Warning(s).
Build target 'Target 1'
compiling main.c...
linking...
Program Size: data=9.0 xdata=0 code=50
creating hex file from "t"...
"t" - 0 Error(s), 0 Warning(s).
Build target 'Target 1'
linking...
Program Size: data=9.0 xdata=0 code=50
creating hex file from "t"...
"t" - 0 Error(s), 0 Warning(s).
Build target 'Target 1'
compiling main.c...
linking...
Program Size: data=9.0 xdata=0 code=52
creating hex file from "t"...
"t" - 0 Error(s), 0 Warning(s).
Build target 'Target 1'
linking...
Program Size: data=9.0 xdata=0 code=52
creating hex file from "t"...
"t" - 0 Error(s), 0 Warning(s).
Build target 'Target 1'
linking...
Program Size: data=9.0 xdata=0 code=52
creating hex file from "t"...
"t" - 0 Error(s), 0 Warning(s).
